[03/Jul/2026 12:02:31] "GET /cuentas/google/login/ HTTP/1.1" 302 0
[03/Jul/2026 12:02:33,313] - Broken pipe from ('127.0.0.1', 64334)
[03/Jul/2026 12:03:59] "GET /cuentas/login/ HTTP/1.1" 200 4795
[03/Jul/2026 12:06:54] "GET /cuentas/login/ HTTP/1.1" 200 4795
[03/Jul/2026 12:06:55] "GET /cuentas/login/ HTTP/1.1" 200 4795
[03/Jul/2026 12:06:57] "GET /cuentas/login/ HTTP/1.1" 200 4795
[03/Jul/2026 12:06:59] "GET /cuentas/login/ HTTP/1.1" 200 3253
[03/Jul/2026 12:07:02] "GET /cuentas/google/login/ HTTP/1.1" 302 0
[03/Jul/2026 12:07:53] "GET /cuentas/google/callback/?state=W8ae1PwFSoxNkgBjhOPp7e0MJbviGCdV&iss=https%3A%2F%2Faccounts.google.com&code=4%2F0AdkVLPwXqZKyem1Bbg9fTgr1FjUhIq3S0NKCbuZBuHtuE1njg7saO3qLqLDz3SXc-Uz7Rw&scope=email+profile+https%3A%2F%2Fwww.googleapis.com%2Fauth%2Fuserinfo.profile+https%3A%2F%2Fwww.googleapis.com%2Fauth%2Fuserinfo.email+openid&authuser=2&prompt=consent HTTP/1.1" 302 0
[03/Jul/2026 12:07:53] "GET / HTTP/1.1" 200 12982
[03/Jul/2026 12:08:02] "GET /simulacros/ HTTP/1.1" 200 23999
[03/Jul/2026 12:08:05] "GET /simulacros/areas/ HTTP/1.1" 200 4579
[03/Jul/2026 12:08:10] "GET /simulacros/areas/?area=tecnologia HTTP/1.1" 200 4978
[03/Jul/2026 12:08:13] "GET /simulacros/iniciar/15/ HTTP/1.1" 302 0
[03/Jul/2026 12:08:13] "GET /payments/buy/9/ HTTP/1.1" 302 0
[03/Jul/2026 12:08:15] "GET /payments/checkout/5/ HTTP/1.1" 200 5333
[03/Jul/2026 12:08:23] "GET /tienda/ HTTP/1.1" 200 10816
[03/Jul/2026 12:08:30] "GET / HTTP/1.1" 200 12734
[03/Jul/2026 12:08:51] "POST /cuentas/logout/ HTTP/1.1" 302 0
[03/Jul/2026 12:08:51] "GET /cuentas/login/ HTTP/1.1" 200 3253
[03/Jul/2026 22:03:08] "GET / HTTP/1.1" 200 11199
[03/Jul/2026 22:04:16] "GET /modulo/1/ HTTP/1.1" 200 4074
[03/Jul/2026 22:04:19] "GET /simulacros/ HTTP/1.1" 302 0
[03/Jul/2026 22:04:19] "GET /cuentas/login/?next=/simulacros/ HTTP/1.1" 200 3253
[03/Jul/2026 22:04:21] "GET /cuentas/google/login/ HTTP/1.1" 302 0
[03/Jul/2026 22:05:29] "GET /cuentas/google/callback/?state=PBWavzdiwhIFcmgp1oL21dXTi7ga3ETc&iss=https%3A%2F%2Faccounts.google.com&code=4%2F0AdkVLPy7BwHIhIvZw60b4PxeH0QUHtwCb_GORyptjnR_vFH3cAuvCju4BZ4Tu6vw3YrNug&scope=email+profile+https%3A%2F%2Fwww.googleapis.com%2Fauth%2Fuserinfo.profile+https%3A%2F%2Fwww.googleapis.com%2Fauth%2Fuserinfo.email+openid&authuser=3&hd=iesoldeoriente.edu.co&prompt=consent HTTP/1.1" 302 0
[03/Jul/2026 22:05:29] "GET / HTTP/1.1" 200 12996
[03/Jul/2026 22:08:44] "GET / HTTP/1.1" 200 12741
[03/Jul/2026 22:08:51] "GET /modulo/2/ HTTP/1.1" 200 5569
